<?xml version="1.0" encoding="UTF-8"?>
<!-- Generated by org.testng.reporters.JUnitReportReporter -->
<testsuite skipped="0" hostname="Raghavendra" name="testRunners.testNGRunner" tests="1" failures="0" timestamp="14 Jun 2020 17:04:55 GMT" time="8.177" errors="0">
  <testcase name="feature" time="8.177" classname="testRunners.testNGRunner"/>
</testsuite> <!-- testRunners.testNGRunner -->
