<?xml version="1.0" encoding="UTF-8"?>
<!-- Generated by org.testng.reporters.JUnitReportReporter -->
<testsuite skipped="0" hostname="RaghavendraPrasadR" name="testRunners.testNGRunner" tests="1" failures="0" timestamp="22 Jun 2020 16:44:11 GMT" time="17.077" errors="0">
  <testcase name="feature" time="17.077" classname="testRunners.testNGRunner"/>
</testsuite> <!-- testRunners.testNGRunner -->
