<?xml version="1.0" encoding="UTF-8"?>
<!-- Generated by org.testng.reporters.JUnitReportReporter -->
<testsuite skipped="0" hostname="RaghavendraPrasadR" name="testRunners.testNGRunner" tests="1" failures="0" timestamp="22 Jun 2020 10:44:48 GMT" time="8.295" errors="0">
  <testcase name="feature" time="8.295" classname="testRunners.testNGRunner"/>
</testsuite> <!-- testRunners.testNGRunner -->
