<?xml version="1.0" encoding="UTF-8"?>
<!-- Generated by org.testng.reporters.JUnitReportReporter -->
<testsuite skipped="0" hostname="Raghavendra" name="testRunners.testNGRunner" tests="1" failures="0" timestamp="20 Jun 2020 12:45:00 GMT" time="14.261" errors="0">
  <testcase name="feature" time="14.261" classname="testRunners.testNGRunner"/>
</testsuite> <!-- testRunners.testNGRunner -->
