<?xml version="1.0" encoding="UTF-8"?>
<!-- Generated by org.testng.reporters.JUnitReportReporter -->
<testsuite skipped="0" hostname="RaghavendraPrasadR" name="testRunners.testNGRunner" tests="1" failures="0" timestamp="22 Jun 2020 17:13:16 GMT" time="29.270" errors="0">
  <testcase name="feature" time="29.270" classname="testRunners.testNGRunner"/>
</testsuite> <!-- testRunners.testNGRunner -->
